0 info it worked if it ends with ok
1 verbose cli [ '/usr/local/bin/node', '/usr/local/bin/npm', 'run', 'nginx' ]
2 info using npm@1.4.28
3 info using node@v0.10.33
4 verbose run-script [ 'prenginx', 'nginx', 'postnginx' ]
5 info prenginx express101@0.0.0
6 info nginx express101@0.0.0
7 verbose unsafe-perm in lifecycle true
8 info express101@0.0.0 Failed to exec nginx script
9 error express101@0.0.0 nginx: `conf/nginx/install.sh && sudo service nginx restart`
9 error Exit status 1
10 error Failed at the express101@0.0.0 nginx script.
10 error This is most likely a problem with the express101 package,
10 error not with npm itself.
10 error Tell the author that this fails on your system:
10 error     conf/nginx/install.sh && sudo service nginx restart
10 error You can get their info via:
10 error     npm owner ls express101
10 error There is likely additional logging output above.
11 error System Linux 3.13.0-39-generic
12 error command "/usr/local/bin/node" "/usr/local/bin/npm" "run" "nginx"
13 error cwd /home/vagrant/vm/express101
14 error node -v v0.10.33
15 error npm -v 1.4.28
16 error code ELIFECYCLE
17 verbose exit [ 1, true ]
