0 info it worked if it ends with ok
1 verbose cli [ '/usr/local/bin/node', '/usr/local/bin/npm', 'install' ]
2 info using npm@1.4.28
3 info using node@v0.10.33
4 verbose readDependencies using package.json deps
5 verbose install where, deps [ '/home/vagrant/vm/express101',
5 verbose install   [ 'express',
5 verbose install     'body-parser',
5 verbose install     'cookie-parser',
5 verbose install     'morgan',
5 verbose install     'serve-favicon',
5 verbose install     'debug',
5 verbose install     'jade',
5 verbose install     'mongoose',
5 verbose install     'chromedriver',
5 verbose install     'grunt',
5 verbose install     'grunt-contrib-jshint',
5 verbose install     'grunt-contrib-watch',
5 verbose install     'grunt-karma',
5 verbose install     'grunt-protractor-runner',
5 verbose install     'grunt-shell',
5 verbose install     'karma',
5 verbose install     'karma-chrome-launcher',
5 verbose install     'karma-firefox-launcher',
5 verbose install     'karma-jasmine',
5 verbose install     'karma-phantomjs-launcher',
5 verbose install     'matchdep',
5 verbose install     'phantomjs',
5 verbose install     'protractor',
5 verbose install     'mocha',
5 verbose install     'grunt-mocha-test',
5 verbose install     'chai' ] ]
6 info preinstall express101@0.0.0
7 verbose readDependencies using package.json deps
8 verbose already installed skipping express@~4.9.0 /home/vagrant/vm/express101
9 verbose already installed skipping body-parser@~1.8.4 /home/vagrant/vm/express101
10 verbose already installed skipping cookie-parser@~1.3.3 /home/vagrant/vm/express101
11 verbose already installed skipping morgan@~1.3.0 /home/vagrant/vm/express101
12 verbose already installed skipping serve-favicon@~2.1.3 /home/vagrant/vm/express101
13 verbose already installed skipping debug@~2.0.0 /home/vagrant/vm/express101
14 verbose already installed skipping jade@~1.6.0 /home/vagrant/vm/express101
15 verbose already installed skipping mongoose@~3.8.19 /home/vagrant/vm/express101
16 verbose already installed skipping chromedriver@^2.10.0-1 /home/vagrant/vm/express101
17 verbose already installed skipping grunt@~0.4.5 /home/vagrant/vm/express101
18 verbose already installed skipping grunt-contrib-jshint@~0.10.0 /home/vagrant/vm/express101
19 verbose already installed skipping grunt-contrib-watch@~0.6.1 /home/vagrant/vm/express101
20 verbose already installed skipping grunt-karma@~0.9.0 /home/vagrant/vm/express101
21 verbose already installed skipping grunt-protractor-runner@~1.1.4 /home/vagrant/vm/express101
22 verbose already installed skipping grunt-shell@^1.1.1 /home/vagrant/vm/express101
23 verbose already installed skipping karma@~0.12.24 /home/vagrant/vm/express101
24 verbose already installed skipping karma-chrome-launcher@~0.1.5 /home/vagrant/vm/express101
25 verbose already installed skipping karma-firefox-launcher@~0.1.3 /home/vagrant/vm/express101
26 verbose already installed skipping karma-jasmine@~0.1.5 /home/vagrant/vm/express101
27 verbose already installed skipping karma-phantomjs-launcher@~0.1.4 /home/vagrant/vm/express101
28 verbose already installed skipping matchdep@^0.3.0 /home/vagrant/vm/express101
29 verbose already installed skipping phantomjs@^1.9.12 /home/vagrant/vm/express101
30 verbose already installed skipping protractor@~1.3.1 /home/vagrant/vm/express101
31 verbose already installed skipping mocha@~2.0.1 /home/vagrant/vm/express101
32 verbose already installed skipping grunt-mocha-test@~0.12.3 /home/vagrant/vm/express101
33 verbose already installed skipping chai@~1.10.0 /home/vagrant/vm/express101
34 silly resolved []
35 info build /home/vagrant/vm/express101
36 verbose linkStuff [ false, false, false, '/home/vagrant/vm' ]
37 info linkStuff express101@0.0.0
38 verbose linkBins express101@0.0.0
39 verbose linkMans express101@0.0.0
40 verbose rebuildBundles express101@0.0.0
41 verbose rebuildBundles [ '.bin',
41 verbose rebuildBundles   'body-parser',
41 verbose rebuildBundles   'chai',
41 verbose rebuildBundles   'chromedriver',
41 verbose rebuildBundles   'cookie-parser',
41 verbose rebuildBundles   'debug',
41 verbose rebuildBundles   'express',
41 verbose rebuildBundles   'grunt',
41 verbose rebuildBundles   'grunt-contrib-jshint',
41 verbose rebuildBundles   'grunt-contrib-watch',
41 verbose rebuildBundles   'grunt-karma',
41 verbose rebuildBundles   'grunt-mocha-test',
41 verbose rebuildBundles   'grunt-protractor-runner',
41 verbose rebuildBundles   'grunt-shell',
41 verbose rebuildBundles   'jade',
41 verbose rebuildBundles   'karma',
41 verbose rebuildBundles   'karma-chrome-launcher',
41 verbose rebuildBundles   'karma-firefox-launcher',
41 verbose rebuildBundles   'karma-jasmine',
41 verbose rebuildBundles   'karma-phantomjs-launcher',
41 verbose rebuildBundles   'matchdep',
41 verbose rebuildBundles   'mocha',
41 verbose rebuildBundles   'mongoose',
41 verbose rebuildBundles   'morgan',
41 verbose rebuildBundles   'phantomjs',
41 verbose rebuildBundles   'protractor',
41 verbose rebuildBundles   'serve-favicon' ]
42 info install express101@0.0.0
43 info postinstall express101@0.0.0
44 verbose unsafe-perm in lifecycle true
45 info express101@0.0.0 Failed to exec postinstall script
46 error express101@0.0.0 postinstall: `./npmpostinstall.sh`
46 error Exit status 3
47 error Failed at the express101@0.0.0 postinstall script.
47 error This is most likely a problem with the express101 package,
47 error not with npm itself.
47 error Tell the author that this fails on your system:
47 error     ./npmpostinstall.sh
47 error You can get their info via:
47 error     npm owner ls express101
47 error There is likely additional logging output above.
48 error System Linux 3.13.0-39-generic
49 error command "/usr/local/bin/node" "/usr/local/bin/npm" "install"
50 error cwd /home/vagrant/vm/express101/models
51 error node -v v0.10.33
52 error npm -v 1.4.28
53 error code ELIFECYCLE
54 verbose exit [ 1, true ]
